<?xml version="1.0" encoding="UTF-8"?>
<!-- Generated by org.testng.reporters.JUnitReportReporter -->
<testsuite hostname="DESKTOP-6SOJ5G0" failures="0" tests="2" name="testpage.HomePageTest" time="0.008" errors="0" timestamp="2022-08-18T22:37:27 IST" skipped="0">
  <testcase classname="testpage.HomePageTest" name="f" time="0.004"/>
  <system-out/>
  <testcase classname="testpage.HomePageTest" name="login" time="0.004"/>
  <system-out/>
</testsuite> <!-- testpage.HomePageTest -->
