<?xml version="1.0" encoding="UTF-8"?>
<!-- Generated by org.testng.reporters.JUnitReportReporter -->
<testsuite hostname="DESKTOP-6SOJ5G0" failures="0" tests="5" name="testpage.TestAllMethod" time="0.008" errors="0" timestamp="2022-08-16T22:25:40 IST" skipped="0">
  <testcase classname="testpage.TestAllMethod" name="login" time="0.002"/>
  <system-out/>
  <testcase classname="testpage.TestAllMethod" name="searchPhone" time="0.002"/>
  <system-out/>
  <testcase classname="testpage.TestAllMethod" name="addToCart" time="0.001"/>
  <system-out/>
  <testcase classname="testpage.TestAllMethod" name="placeOrder" time="0.001"/>
  <system-out/>
  <testcase classname="testpage.TestAllMethod" name="returnOrder" time="0.002"/>
  <system-out/>
</testsuite> <!-- testpage.TestAllMethod -->
