<?xml version="1.0" encoding="UTF-8"?>
<!-- Generated by org.testng.reporters.JUnitReportReporter -->
<testsuite hostname="DESKTOP-6SOJ5G0" failures="0" tests="4" name="testpage.NewTest" time="3.556" errors="0" timestamp="2022-08-17T21:38:30 IST" skipped="0">
  <testcase classname="testpage.NewTest" name="checkTitle" time="0.017"/>
  <system-out/>
  <testcase classname="testpage.NewTest" name="searchSelenium" time="2.189"/>
  <system-out/>
  <testcase classname="testpage.NewTest" name="clickOnSelenium" time="0.815"/>
  <system-out/>
  <testcase classname="testpage.NewTest" name="clickOnDownloads" time="0.535"/>
  <system-out/>
</testsuite> <!-- testpage.NewTest -->
