<?xml version="1.0" encoding="UTF-8"?>
<!-- Generated by org.testng.reporters.JUnitReportReporter -->
<testsuite hostname="DESKTOP-6SOJ5G0" failures="0" tests="2" name="testpage.LoginPageTest" time="0.002" errors="0" timestamp="2022-08-16T22:25:40 IST" skipped="0">
  <testcase classname="testpage.LoginPageTest" name="f1" time="0.000"/>
  <system-out/>
  <testcase classname="testpage.LoginPageTest" name="test" time="0.002"/>
  <system-out/>
</testsuite> <!-- testpage.LoginPageTest -->
